[0.012s] Invoking command in '/home/tkn-yangfukang/HiveMind-Dev/Third-Party-Implementation-Unitree-SDK/go2/unitree-go2-slam-toolbox/build/go2_navigation2': CMAKE_PREFIX_PATH=${CMAKE_PREFIX_PATH}:/home/tkn-yangfukang/HiveMind-Dev/Third-Party-Implementation-Unitree-SDK/go2/unitree-go2-slam-toolbox/install/message_test:/home/tkn-yangfukang/ws_moveit2/install/moveit_configs_utils:/home/tkn-yangfukang/ws_moveit2/install/launch_param_builder:/home/tkn-yangfukang/dobot_ws/install/servo_action:/home/tkn-yangfukang/dobot_ws/install/dobot_moveit:/home/tkn-yangfukang/dobot_ws/install/dobot_demo:/opt/ros/humble /usr/bin/cmake --build /home/tkn-yangfukang/HiveMind-Dev/Third-Party-Implementation-Unitree-SDK/go2/unitree-go2-slam-toolbox/build/go2_navigation2 -- -j24 -l24
[0.087s] [100%] Built target navigation
[0.098s] Invoked command in '/home/tkn-yangfukang/HiveMind-Dev/Third-Party-Implementation-Unitree-SDK/go2/unitree-go2-slam-toolbox/build/go2_navigation2' returned '0': CMAKE_PREFIX_PATH=${CMAKE_PREFIX_PATH}:/home/tkn-yangfukang/HiveMind-Dev/Third-Party-Implementation-Unitree-SDK/go2/unitree-go2-slam-toolbox/install/message_test:/home/tkn-yangfukang/ws_moveit2/install/moveit_configs_utils:/home/tkn-yangfukang/ws_moveit2/install/launch_param_builder:/home/tkn-yangfukang/dobot_ws/install/servo_action:/home/tkn-yangfukang/dobot_ws/install/dobot_moveit:/home/tkn-yangfukang/dobot_ws/install/dobot_demo:/opt/ros/humble /usr/bin/cmake --build /home/tkn-yangfukang/HiveMind-Dev/Third-Party-Implementation-Unitree-SDK/go2/unitree-go2-slam-toolbox/build/go2_navigation2 -- -j24 -l24
[0.100s] Invoking command in '/home/tkn-yangfukang/HiveMind-Dev/Third-Party-Implementation-Unitree-SDK/go2/unitree-go2-slam-toolbox/build/go2_navigation2': CMAKE_PREFIX_PATH=${CMAKE_PREFIX_PATH}:/home/tkn-yangfukang/HiveMind-Dev/Third-Party-Implementation-Unitree-SDK/go2/unitree-go2-slam-toolbox/install/message_test:/home/tkn-yangfukang/ws_moveit2/install/moveit_configs_utils:/home/tkn-yangfukang/ws_moveit2/install/launch_param_builder:/home/tkn-yangfukang/dobot_ws/install/servo_action:/home/tkn-yangfukang/dobot_ws/install/dobot_moveit:/home/tkn-yangfukang/dobot_ws/install/dobot_demo:/opt/ros/humble /usr/bin/cmake --install /home/tkn-yangfukang/HiveMind-Dev/Third-Party-Implementation-Unitree-SDK/go2/unitree-go2-slam-toolbox/build/go2_navigation2
[0.108s] -- Install configuration: ""
[0.108s] -- Up-to-date: /home/tkn-yangfukang/HiveMind-Dev/Third-Party-Implementation-Unitree-SDK/go2/unitree-go2-slam-toolbox/install/go2_navigation2/lib/go2_navigation2/navigation
[0.108s] -- Up-to-date: /home/tkn-yangfukang/HiveMind-Dev/Third-Party-Implementation-Unitree-SDK/go2/unitree-go2-slam-toolbox/install/go2_navigation2/share/go2_navigation2/launch
[0.108s] -- Up-to-date: /home/tkn-yangfukang/HiveMind-Dev/Third-Party-Implementation-Unitree-SDK/go2/unitree-go2-slam-toolbox/install/go2_navigation2/share/go2_navigation2/launch/go2_nav2_ori.launch.py
[0.108s] -- Up-to-date: /home/tkn-yangfukang/HiveMind-Dev/Third-Party-Implementation-Unitree-SDK/go2/unitree-go2-slam-toolbox/install/go2_navigation2/share/go2_navigation2/launch/go2_nav2.launch.py
[0.109s] -- Up-to-date: /home/tkn-yangfukang/HiveMind-Dev/Third-Party-Implementation-Unitree-SDK/go2/unitree-go2-slam-toolbox/install/go2_navigation2/share/go2_navigation2/config
[0.109s] -- Up-to-date: /home/tkn-yangfukang/HiveMind-Dev/Third-Party-Implementation-Unitree-SDK/go2/unitree-go2-slam-toolbox/install/go2_navigation2/share/go2_navigation2/config/nav2_params.yaml
[0.109s] -- Up-to-date: /home/tkn-yangfukang/HiveMind-Dev/Third-Party-Implementation-Unitree-SDK/go2/unitree-go2-slam-toolbox/install/go2_navigation2/share/ament_index/resource_index/package_run_dependencies/go2_navigation2
[0.109s] -- Up-to-date: /home/tkn-yangfukang/HiveMind-Dev/Third-Party-Implementation-Unitree-SDK/go2/unitree-go2-slam-toolbox/install/go2_navigation2/share/ament_index/resource_index/parent_prefix_path/go2_navigation2
[0.109s] -- Up-to-date: /home/tkn-yangfukang/HiveMind-Dev/Third-Party-Implementation-Unitree-SDK/go2/unitree-go2-slam-toolbox/install/go2_navigation2/share/go2_navigation2/environment/ament_prefix_path.sh
[0.109s] -- Up-to-date: /home/tkn-yangfukang/HiveMind-Dev/Third-Party-Implementation-Unitree-SDK/go2/unitree-go2-slam-toolbox/install/go2_navigation2/share/go2_navigation2/environment/ament_prefix_path.dsv
[0.109s] -- Up-to-date: /home/tkn-yangfukang/HiveMind-Dev/Third-Party-Implementation-Unitree-SDK/go2/unitree-go2-slam-toolbox/install/go2_navigation2/share/go2_navigation2/environment/path.sh
[0.109s] -- Up-to-date: /home/tkn-yangfukang/HiveMind-Dev/Third-Party-Implementation-Unitree-SDK/go2/unitree-go2-slam-toolbox/install/go2_navigation2/share/go2_navigation2/environment/path.dsv
[0.109s] -- Up-to-date: /home/tkn-yangfukang/HiveMind-Dev/Third-Party-Implementation-Unitree-SDK/go2/unitree-go2-slam-toolbox/install/go2_navigation2/share/go2_navigation2/local_setup.bash
[0.109s] -- Up-to-date: /home/tkn-yangfukang/HiveMind-Dev/Third-Party-Implementation-Unitree-SDK/go2/unitree-go2-slam-toolbox/install/go2_navigation2/share/go2_navigation2/local_setup.sh
[0.109s] -- Up-to-date: /home/tkn-yangfukang/HiveMind-Dev/Third-Party-Implementation-Unitree-SDK/go2/unitree-go2-slam-toolbox/install/go2_navigation2/share/go2_navigation2/local_setup.zsh
[0.109s] -- Up-to-date: /home/tkn-yangfukang/HiveMind-Dev/Third-Party-Implementation-Unitree-SDK/go2/unitree-go2-slam-toolbox/install/go2_navigation2/share/go2_navigation2/local_setup.dsv
[0.109s] -- Installing: /home/tkn-yangfukang/HiveMind-Dev/Third-Party-Implementation-Unitree-SDK/go2/unitree-go2-slam-toolbox/install/go2_navigation2/share/go2_navigation2/package.dsv
[0.109s] -- Up-to-date: /home/tkn-yangfukang/HiveMind-Dev/Third-Party-Implementation-Unitree-SDK/go2/unitree-go2-slam-toolbox/install/go2_navigation2/share/ament_index/resource_index/packages/go2_navigation2
[0.109s] -- Up-to-date: /home/tkn-yangfukang/HiveMind-Dev/Third-Party-Implementation-Unitree-SDK/go2/unitree-go2-slam-toolbox/install/go2_navigation2/share/go2_navigation2/cmake/go2_navigation2Config.cmake
[0.109s] -- Up-to-date: /home/tkn-yangfukang/HiveMind-Dev/Third-Party-Implementation-Unitree-SDK/go2/unitree-go2-slam-toolbox/install/go2_navigation2/share/go2_navigation2/cmake/go2_navigation2Config-version.cmake
[0.109s] -- Up-to-date: /home/tkn-yangfukang/HiveMind-Dev/Third-Party-Implementation-Unitree-SDK/go2/unitree-go2-slam-toolbox/install/go2_navigation2/share/go2_navigation2/package.xml
[0.111s] Invoked command in '/home/tkn-yangfukang/HiveMind-Dev/Third-Party-Implementation-Unitree-SDK/go2/unitree-go2-slam-toolbox/build/go2_navigation2' returned '0': CMAKE_PREFIX_PATH=${CMAKE_PREFIX_PATH}:/home/tkn-yangfukang/HiveMind-Dev/Third-Party-Implementation-Unitree-SDK/go2/unitree-go2-slam-toolbox/install/message_test:/home/tkn-yangfukang/ws_moveit2/install/moveit_configs_utils:/home/tkn-yangfukang/ws_moveit2/install/launch_param_builder:/home/tkn-yangfukang/dobot_ws/install/servo_action:/home/tkn-yangfukang/dobot_ws/install/dobot_moveit:/home/tkn-yangfukang/dobot_ws/install/dobot_demo:/opt/ros/humble /usr/bin/cmake --install /home/tkn-yangfukang/HiveMind-Dev/Third-Party-Implementation-Unitree-SDK/go2/unitree-go2-slam-toolbox/build/go2_navigation2
