[ 33%] Built target lowstate_to_imu
[ 66%] Built target driver
[100%] Built target footprint_to_link
-- Install configuration: ""
-- Up-to-date: /home/tkn-yangfukang/HiveMind-Dev/Third-Party-Implementation-Unitree-SDK/go2/unitree-go2-slam-toolbox/install/go2_driver/lib/go2_driver/driver
-- Up-to-date: /home/tkn-yangfukang/HiveMind-Dev/Third-Party-Implementation-Unitree-SDK/go2/unitree-go2-slam-toolbox/install/go2_driver/lib/go2_driver/footprint_to_link
-- Up-to-date: /home/tkn-yangfukang/HiveMind-Dev/Third-Party-Implementation-Unitree-SDK/go2/unitree-go2-slam-toolbox/install/go2_driver/lib/go2_driver/lowstate_to_imu
-- Up-to-date: /home/tkn-yangfukang/HiveMind-Dev/Third-Party-Implementation-Unitree-SDK/go2/unitree-go2-slam-toolbox/install/go2_driver/share/go2_driver/launch
-- Up-to-date: /home/tkn-yangfukang/HiveMind-Dev/Third-Party-Implementation-Unitree-SDK/go2/unitree-go2-slam-toolbox/install/go2_driver/share/go2_driver/launch/driver.launch.py
-- Up-to-date: /home/tkn-yangfukang/HiveMind-Dev/Third-Party-Implementation-Unitree-SDK/go2/unitree-go2-slam-toolbox/install/go2_driver/share/go2_driver/params
-- Up-to-date: /home/tkn-yangfukang/HiveMind-Dev/Third-Party-Implementation-Unitree-SDK/go2/unitree-go2-slam-toolbox/install/go2_driver/share/go2_driver/params/driver.yaml
-- Up-to-date: /home/tkn-yangfukang/HiveMind-Dev/Third-Party-Implementation-Unitree-SDK/go2/unitree-go2-slam-toolbox/install/go2_driver/share/go2_driver/rviz
-- Up-to-date: /home/tkn-yangfukang/HiveMind-Dev/Third-Party-Implementation-Unitree-SDK/go2/unitree-go2-slam-toolbox/install/go2_driver/share/go2_driver/rviz/display.rviz
-- Up-to-date: /home/tkn-yangfukang/HiveMind-Dev/Third-Party-Implementation-Unitree-SDK/go2/unitree-go2-slam-toolbox/install/go2_driver/share/ament_index/resource_index/package_run_dependencies/go2_driver
-- Up-to-date: /home/tkn-yangfukang/HiveMind-Dev/Third-Party-Implementation-Unitree-SDK/go2/unitree-go2-slam-toolbox/install/go2_driver/share/ament_index/resource_index/parent_prefix_path/go2_driver
-- Up-to-date: /home/tkn-yangfukang/HiveMind-Dev/Third-Party-Implementation-Unitree-SDK/go2/unitree-go2-slam-toolbox/install/go2_driver/share/go2_driver/environment/ament_prefix_path.sh
-- Up-to-date: /home/tkn-yangfukang/HiveMind-Dev/Third-Party-Implementation-Unitree-SDK/go2/unitree-go2-slam-toolbox/install/go2_driver/share/go2_driver/environment/ament_prefix_path.dsv
-- Up-to-date: /home/tkn-yangfukang/HiveMind-Dev/Third-Party-Implementation-Unitree-SDK/go2/unitree-go2-slam-toolbox/install/go2_driver/share/go2_driver/environment/path.sh
-- Up-to-date: /home/tkn-yangfukang/HiveMind-Dev/Third-Party-Implementation-Unitree-SDK/go2/unitree-go2-slam-toolbox/install/go2_driver/share/go2_driver/environment/path.dsv
-- Up-to-date: /home/tkn-yangfukang/HiveMind-Dev/Third-Party-Implementation-Unitree-SDK/go2/unitree-go2-slam-toolbox/install/go2_driver/share/go2_driver/local_setup.bash
-- Up-to-date: /home/tkn-yangfukang/HiveMind-Dev/Third-Party-Implementation-Unitree-SDK/go2/unitree-go2-slam-toolbox/install/go2_driver/share/go2_driver/local_setup.sh
-- Up-to-date: /home/tkn-yangfukang/HiveMind-Dev/Third-Party-Implementation-Unitree-SDK/go2/unitree-go2-slam-toolbox/install/go2_driver/share/go2_driver/local_setup.zsh
-- Up-to-date: /home/tkn-yangfukang/HiveMind-Dev/Third-Party-Implementation-Unitree-SDK/go2/unitree-go2-slam-toolbox/install/go2_driver/share/go2_driver/local_setup.dsv
-- Installing: /home/tkn-yangfukang/HiveMind-Dev/Third-Party-Implementation-Unitree-SDK/go2/unitree-go2-slam-toolbox/install/go2_driver/share/go2_driver/package.dsv
-- Up-to-date: /home/tkn-yangfukang/HiveMind-Dev/Third-Party-Implementation-Unitree-SDK/go2/unitree-go2-slam-toolbox/install/go2_driver/share/ament_index/resource_index/packages/go2_driver
-- Up-to-date: /home/tkn-yangfukang/HiveMind-Dev/Third-Party-Implementation-Unitree-SDK/go2/unitree-go2-slam-toolbox/install/go2_driver/share/go2_driver/cmake/go2_driverConfig.cmake
-- Up-to-date: /home/tkn-yangfukang/HiveMind-Dev/Third-Party-Implementation-Unitree-SDK/go2/unitree-go2-slam-toolbox/install/go2_driver/share/go2_driver/cmake/go2_driverConfig-version.cmake
-- Up-to-date: /home/tkn-yangfukang/HiveMind-Dev/Third-Party-Implementation-Unitree-SDK/go2/unitree-go2-slam-toolbox/install/go2_driver/share/go2_driver/package.xml
