[0.010s] Invoking command in '/home/tkn-yangfukang/HiveMind-Dev/Third-Party-Implementation-Unitree-SDK/go2/unitree-go2-slam-toolbox/build/go2_twist_bridge': CMAKE_PREFIX_PATH=${CMAKE_PREFIX_PATH}:/home/tkn-yangfukang/ws_moveit2/install/moveit_configs_utils:/home/tkn-yangfukang/ws_moveit2/install/launch_param_builder:/home/tkn-yangfukang/dobot_ws/install/servo_action:/home/tkn-yangfukang/dobot_ws/install/dobot_moveit:/home/tkn-yangfukang/dobot_ws/install/dobot_demo:/opt/ros/humble /usr/bin/cmake /home/tkn-yangfukang/HiveMind-Dev/Third-Party-Implementation-Unitree-SDK/go2/unitree-go2-slam-toolbox/src/base/go2_twist_bridge -DCMAKE_INSTALL_PREFIX=/home/tkn-yangfukang/HiveMind-Dev/Third-Party-Implementation-Unitree-SDK/go2/unitree-go2-slam-toolbox/install/go2_twist_bridge
[0.060s] -- The C compiler identification is GNU 11.4.0
[0.126s] -- The CXX compiler identification is GNU 11.4.0
[0.133s] -- Detecting C compiler ABI info
[0.242s] -- Detecting C compiler ABI info - done
[0.251s] -- Check for working C compiler: /usr/bin/cc - skipped
[0.251s] -- Detecting C compile features
[0.251s] -- Detecting C compile features - done
[0.254s] -- Detecting CXX compiler ABI info
[0.368s] -- Detecting CXX compiler ABI info - done
[0.372s] -- Check for working CXX compiler: /usr/bin/c++ - skipped
[0.372s] -- Detecting CXX compile features
[0.372s] -- Detecting CXX compile features - done
[0.377s] -- Found ament_cmake: 1.3.12 (/opt/ros/humble/share/ament_cmake/cmake)
[0.497s] -- Found Python3: /usr/bin/python3 (found version "3.10.12") found components: Interpreter 
[0.594s] -- Found rclcpp: 16.0.14 (/opt/ros/humble/share/rclcpp/cmake)
[0.650s] -- Found rosidl_generator_c: 3.1.7 (/opt/ros/humble/share/rosidl_generator_c/cmake)
[0.658s] -- Found rosidl_adapter: 3.1.7 (/opt/ros/humble/share/rosidl_adapter/cmake)
[0.669s] -- Found rosidl_generator_cpp: 3.1.7 (/opt/ros/humble/share/rosidl_generator_cpp/cmake)
[0.683s] -- Using all available rosidl_typesupport_c: rosidl_typesupport_fastrtps_c;rosidl_typesupport_introspection_c
[0.702s] -- Using all available rosidl_typesupport_cpp: rosidl_typesupport_fastrtps_cpp;rosidl_typesupport_introspection_cpp
[0.762s] -- Found rmw_implementation_cmake: 6.1.2 (/opt/ros/humble/share/rmw_implementation_cmake/cmake)
[0.768s] -- Found rmw_cyclonedds_cpp: 1.3.4 (/opt/ros/humble/share/rmw_cyclonedds_cpp/cmake)
[0.798s] -- Using RMW implementation 'rmw_cyclonedds_cpp' as default
[0.811s] -- Looking for pthread.h
[0.905s] -- Looking for pthread.h - found
[0.905s] -- Performing Test CMAKE_HAVE_LIBC_PTHREAD
[1.008s] -- Performing Test CMAKE_HAVE_LIBC_PTHREAD - Success
[1.009s] -- Found Threads: TRUE  
[1.055s] -- Found geometry_msgs: 4.9.0 (/opt/ros/humble/share/geometry_msgs/cmake)
[1.062s] -- Found unitree_api: 0.0.0 (/home/tkn-yangfukang/HiveMind-Dev/Third-Party-Implementation-Unitree-SDK/go2/unitree_ros2/cyclonedds_ws/install/unitree_api/share/unitree_api/cmake)
[1.076s] -- Found ament_lint_auto: 0.12.14 (/opt/ros/humble/share/ament_lint_auto/cmake)
[1.144s] -- Added test 'cppcheck' to perform static code analysis on C / C++ code
[1.144s] -- Configured cppcheck include dirs: $<BUILD_INTERFACE:/home/tkn-yangfukang/HiveMind-Dev/Third-Party-Implementation-Unitree-SDK/go2/unitree-go2-slam-toolbox/src/base/go2_twist_bridge/include>
[1.144s] -- Configured cppcheck exclude dirs and/or files: 
[1.145s] -- Added test 'lint_cmake' to check CMake code style
[1.147s] -- Added test 'uncrustify' to check C / C++ code style
[1.147s] -- Configured uncrustify additional arguments: 
[1.148s] -- Added test 'xmllint' to check XML markup files
[1.150s] -- Configuring done
[1.155s] -- Generating done
[1.157s] -- Build files have been written to: /home/tkn-yangfukang/HiveMind-Dev/Third-Party-Implementation-Unitree-SDK/go2/unitree-go2-slam-toolbox/build/go2_twist_bridge
[1.162s] Invoked command in '/home/tkn-yangfukang/HiveMind-Dev/Third-Party-Implementation-Unitree-SDK/go2/unitree-go2-slam-toolbox/build/go2_twist_bridge' returned '0': CMAKE_PREFIX_PATH=${CMAKE_PREFIX_PATH}:/home/tkn-yangfukang/ws_moveit2/install/moveit_configs_utils:/home/tkn-yangfukang/ws_moveit2/install/launch_param_builder:/home/tkn-yangfukang/dobot_ws/install/servo_action:/home/tkn-yangfukang/dobot_ws/install/dobot_moveit:/home/tkn-yangfukang/dobot_ws/install/dobot_demo:/opt/ros/humble /usr/bin/cmake /home/tkn-yangfukang/HiveMind-Dev/Third-Party-Implementation-Unitree-SDK/go2/unitree-go2-slam-toolbox/src/base/go2_twist_bridge -DCMAKE_INSTALL_PREFIX=/home/tkn-yangfukang/HiveMind-Dev/Third-Party-Implementation-Unitree-SDK/go2/unitree-go2-slam-toolbox/install/go2_twist_bridge
[1.163s] Invoking command in '/home/tkn-yangfukang/HiveMind-Dev/Third-Party-Implementation-Unitree-SDK/go2/unitree-go2-slam-toolbox/build/go2_twist_bridge': CMAKE_PREFIX_PATH=${CMAKE_PREFIX_PATH}:/home/tkn-yangfukang/ws_moveit2/install/moveit_configs_utils:/home/tkn-yangfukang/ws_moveit2/install/launch_param_builder:/home/tkn-yangfukang/dobot_ws/install/servo_action:/home/tkn-yangfukang/dobot_ws/install/dobot_moveit:/home/tkn-yangfukang/dobot_ws/install/dobot_demo:/opt/ros/humble /usr/bin/cmake --build /home/tkn-yangfukang/HiveMind-Dev/Third-Party-Implementation-Unitree-SDK/go2/unitree-go2-slam-toolbox/build/go2_twist_bridge -- -j24 -l24
[1.245s] [ 50%] [32mBuilding CXX object CMakeFiles/twist_bridge.dir/src/twist_bridge.cpp.o[0m
[6.202s] [100%] [32m[1mLinking CXX executable twist_bridge[0m
[6.443s] [100%] Built target twist_bridge
[6.454s] Invoked command in '/home/tkn-yangfukang/HiveMind-Dev/Third-Party-Implementation-Unitree-SDK/go2/unitree-go2-slam-toolbox/build/go2_twist_bridge' returned '0': CMAKE_PREFIX_PATH=${CMAKE_PREFIX_PATH}:/home/tkn-yangfukang/ws_moveit2/install/moveit_configs_utils:/home/tkn-yangfukang/ws_moveit2/install/launch_param_builder:/home/tkn-yangfukang/dobot_ws/install/servo_action:/home/tkn-yangfukang/dobot_ws/install/dobot_moveit:/home/tkn-yangfukang/dobot_ws/install/dobot_demo:/opt/ros/humble /usr/bin/cmake --build /home/tkn-yangfukang/HiveMind-Dev/Third-Party-Implementation-Unitree-SDK/go2/unitree-go2-slam-toolbox/build/go2_twist_bridge -- -j24 -l24
[6.455s] Invoking command in '/home/tkn-yangfukang/HiveMind-Dev/Third-Party-Implementation-Unitree-SDK/go2/unitree-go2-slam-toolbox/build/go2_twist_bridge': CMAKE_PREFIX_PATH=${CMAKE_PREFIX_PATH}:/home/tkn-yangfukang/ws_moveit2/install/moveit_configs_utils:/home/tkn-yangfukang/ws_moveit2/install/launch_param_builder:/home/tkn-yangfukang/dobot_ws/install/servo_action:/home/tkn-yangfukang/dobot_ws/install/dobot_moveit:/home/tkn-yangfukang/dobot_ws/install/dobot_demo:/opt/ros/humble /usr/bin/cmake --install /home/tkn-yangfukang/HiveMind-Dev/Third-Party-Implementation-Unitree-SDK/go2/unitree-go2-slam-toolbox/build/go2_twist_bridge
[6.462s] -- Install configuration: ""
[6.463s] -- Installing: /home/tkn-yangfukang/HiveMind-Dev/Third-Party-Implementation-Unitree-SDK/go2/unitree-go2-slam-toolbox/install/go2_twist_bridge/lib/go2_twist_bridge/twist_bridge
[6.464s] -- Set runtime path of "/home/tkn-yangfukang/HiveMind-Dev/Third-Party-Implementation-Unitree-SDK/go2/unitree-go2-slam-toolbox/install/go2_twist_bridge/lib/go2_twist_bridge/twist_bridge" to ""
[6.464s] -- Installing: /home/tkn-yangfukang/HiveMind-Dev/Third-Party-Implementation-Unitree-SDK/go2/unitree-go2-slam-toolbox/install/go2_twist_bridge/share/ament_index/resource_index/package_run_dependencies/go2_twist_bridge
[6.464s] -- Installing: /home/tkn-yangfukang/HiveMind-Dev/Third-Party-Implementation-Unitree-SDK/go2/unitree-go2-slam-toolbox/install/go2_twist_bridge/share/ament_index/resource_index/parent_prefix_path/go2_twist_bridge
[6.464s] -- Installing: /home/tkn-yangfukang/HiveMind-Dev/Third-Party-Implementation-Unitree-SDK/go2/unitree-go2-slam-toolbox/install/go2_twist_bridge/share/go2_twist_bridge/environment/ament_prefix_path.sh
[6.465s] -- Installing: /home/tkn-yangfukang/HiveMind-Dev/Third-Party-Implementation-Unitree-SDK/go2/unitree-go2-slam-toolbox/install/go2_twist_bridge/share/go2_twist_bridge/environment/ament_prefix_path.dsv
[6.465s] -- Installing: /home/tkn-yangfukang/HiveMind-Dev/Third-Party-Implementation-Unitree-SDK/go2/unitree-go2-slam-toolbox/install/go2_twist_bridge/share/go2_twist_bridge/environment/path.sh
[6.465s] -- Installing: /home/tkn-yangfukang/HiveMind-Dev/Third-Party-Implementation-Unitree-SDK/go2/unitree-go2-slam-toolbox/install/go2_twist_bridge/share/go2_twist_bridge/environment/path.dsv
[6.465s] -- Installing: /home/tkn-yangfukang/HiveMind-Dev/Third-Party-Implementation-Unitree-SDK/go2/unitree-go2-slam-toolbox/install/go2_twist_bridge/share/go2_twist_bridge/local_setup.bash
[6.465s] -- Installing: /home/tkn-yangfukang/HiveMind-Dev/Third-Party-Implementation-Unitree-SDK/go2/unitree-go2-slam-toolbox/install/go2_twist_bridge/share/go2_twist_bridge/local_setup.sh
[6.465s] -- Installing: /home/tkn-yangfukang/HiveMind-Dev/Third-Party-Implementation-Unitree-SDK/go2/unitree-go2-slam-toolbox/install/go2_twist_bridge/share/go2_twist_bridge/local_setup.zsh
[6.465s] -- Installing: /home/tkn-yangfukang/HiveMind-Dev/Third-Party-Implementation-Unitree-SDK/go2/unitree-go2-slam-toolbox/install/go2_twist_bridge/share/go2_twist_bridge/local_setup.dsv
[6.465s] -- Installing: /home/tkn-yangfukang/HiveMind-Dev/Third-Party-Implementation-Unitree-SDK/go2/unitree-go2-slam-toolbox/install/go2_twist_bridge/share/go2_twist_bridge/package.dsv
[6.465s] -- Installing: /home/tkn-yangfukang/HiveMind-Dev/Third-Party-Implementation-Unitree-SDK/go2/unitree-go2-slam-toolbox/install/go2_twist_bridge/share/ament_index/resource_index/packages/go2_twist_bridge
[6.465s] -- Installing: /home/tkn-yangfukang/HiveMind-Dev/Third-Party-Implementation-Unitree-SDK/go2/unitree-go2-slam-toolbox/install/go2_twist_bridge/share/go2_twist_bridge/cmake/go2_twist_bridgeConfig.cmake
[6.465s] -- Installing: /home/tkn-yangfukang/HiveMind-Dev/Third-Party-Implementation-Unitree-SDK/go2/unitree-go2-slam-toolbox/install/go2_twist_bridge/share/go2_twist_bridge/cmake/go2_twist_bridgeConfig-version.cmake
[6.465s] -- Installing: /home/tkn-yangfukang/HiveMind-Dev/Third-Party-Implementation-Unitree-SDK/go2/unitree-go2-slam-toolbox/install/go2_twist_bridge/share/go2_twist_bridge/package.xml
[6.467s] Invoked command in '/home/tkn-yangfukang/HiveMind-Dev/Third-Party-Implementation-Unitree-SDK/go2/unitree-go2-slam-toolbox/build/go2_twist_bridge' returned '0': CMAKE_PREFIX_PATH=${CMAKE_PREFIX_PATH}:/home/tkn-yangfukang/ws_moveit2/install/moveit_configs_utils:/home/tkn-yangfukang/ws_moveit2/install/launch_param_builder:/home/tkn-yangfukang/dobot_ws/install/servo_action:/home/tkn-yangfukang/dobot_ws/install/dobot_moveit:/home/tkn-yangfukang/dobot_ws/install/dobot_demo:/opt/ros/humble /usr/bin/cmake --install /home/tkn-yangfukang/HiveMind-Dev/Third-Party-Implementation-Unitree-SDK/go2/unitree-go2-slam-toolbox/build/go2_twist_bridge
