[35m[1mConsolidate compiler generated dependencies of target navigation[0m
[100%] Built target navigation
-- Install configuration: ""
-- Up-to-date: /home/tkn-yangfukang/HiveMind-Dev/Third-Party-Implementation-Unitree-SDK/go2/unitree-go2-slam-toolbox/install/go2_navigation2/lib/go2_navigation2/navigation
-- Up-to-date: /home/tkn-yangfukang/HiveMind-Dev/Third-Party-Implementation-Unitree-SDK/go2/unitree-go2-slam-toolbox/install/go2_navigation2/share/go2_navigation2/launch
-- Up-to-date: /home/tkn-yangfukang/HiveMind-Dev/Third-Party-Implementation-Unitree-SDK/go2/unitree-go2-slam-toolbox/install/go2_navigation2/share/go2_navigation2/launch/go2_nav2.launch_ori.py
-- Up-to-date: /home/tkn-yangfukang/HiveMind-Dev/Third-Party-Implementation-Unitree-SDK/go2/unitree-go2-slam-toolbox/install/go2_navigation2/share/go2_navigation2/launch/go2_nav2.launch.py
-- Up-to-date: /home/tkn-yangfukang/HiveMind-Dev/Third-Party-Implementation-Unitree-SDK/go2/unitree-go2-slam-toolbox/install/go2_navigation2/share/go2_navigation2/config
-- Up-to-date: /home/tkn-yangfukang/HiveMind-Dev/Third-Party-Implementation-Unitree-SDK/go2/unitree-go2-slam-toolbox/install/go2_navigation2/share/go2_navigation2/config/nav2_params.yaml
-- Up-to-date: /home/tkn-yangfukang/HiveMind-Dev/Third-Party-Implementation-Unitree-SDK/go2/unitree-go2-slam-toolbox/install/go2_navigation2/share/ament_index/resource_index/package_run_dependencies/go2_navigation2
-- Up-to-date: /home/tkn-yangfukang/HiveMind-Dev/Third-Party-Implementation-Unitree-SDK/go2/unitree-go2-slam-toolbox/install/go2_navigation2/share/ament_index/resource_index/parent_prefix_path/go2_navigation2
-- Up-to-date: /home/tkn-yangfukang/HiveMind-Dev/Third-Party-Implementation-Unitree-SDK/go2/unitree-go2-slam-toolbox/install/go2_navigation2/share/go2_navigation2/environment/ament_prefix_path.sh
-- Up-to-date: /home/tkn-yangfukang/HiveMind-Dev/Third-Party-Implementation-Unitree-SDK/go2/unitree-go2-slam-toolbox/install/go2_navigation2/share/go2_navigation2/environment/ament_prefix_path.dsv
-- Up-to-date: /home/tkn-yangfukang/HiveMind-Dev/Third-Party-Implementation-Unitree-SDK/go2/unitree-go2-slam-toolbox/install/go2_navigation2/share/go2_navigation2/environment/path.sh
-- Up-to-date: /home/tkn-yangfukang/HiveMind-Dev/Third-Party-Implementation-Unitree-SDK/go2/unitree-go2-slam-toolbox/install/go2_navigation2/share/go2_navigation2/environment/path.dsv
-- Up-to-date: /home/tkn-yangfukang/HiveMind-Dev/Third-Party-Implementation-Unitree-SDK/go2/unitree-go2-slam-toolbox/install/go2_navigation2/share/go2_navigation2/local_setup.bash
-- Up-to-date: /home/tkn-yangfukang/HiveMind-Dev/Third-Party-Implementation-Unitree-SDK/go2/unitree-go2-slam-toolbox/install/go2_navigation2/share/go2_navigation2/local_setup.sh
-- Up-to-date: /home/tkn-yangfukang/HiveMind-Dev/Third-Party-Implementation-Unitree-SDK/go2/unitree-go2-slam-toolbox/install/go2_navigation2/share/go2_navigation2/local_setup.zsh
-- Up-to-date: /home/tkn-yangfukang/HiveMind-Dev/Third-Party-Implementation-Unitree-SDK/go2/unitree-go2-slam-toolbox/install/go2_navigation2/share/go2_navigation2/local_setup.dsv
-- Up-to-date: /home/tkn-yangfukang/HiveMind-Dev/Third-Party-Implementation-Unitree-SDK/go2/unitree-go2-slam-toolbox/install/go2_navigation2/share/go2_navigation2/package.dsv
-- Up-to-date: /home/tkn-yangfukang/HiveMind-Dev/Third-Party-Implementation-Unitree-SDK/go2/unitree-go2-slam-toolbox/install/go2_navigation2/share/ament_index/resource_index/packages/go2_navigation2
-- Up-to-date: /home/tkn-yangfukang/HiveMind-Dev/Third-Party-Implementation-Unitree-SDK/go2/unitree-go2-slam-toolbox/install/go2_navigation2/share/go2_navigation2/cmake/go2_navigation2Config.cmake
-- Up-to-date: /home/tkn-yangfukang/HiveMind-Dev/Third-Party-Implementation-Unitree-SDK/go2/unitree-go2-slam-toolbox/install/go2_navigation2/share/go2_navigation2/cmake/go2_navigation2Config-version.cmake
-- Up-to-date: /home/tkn-yangfukang/HiveMind-Dev/Third-Party-Implementation-Unitree-SDK/go2/unitree-go2-slam-toolbox/install/go2_navigation2/share/go2_navigation2/package.xml
