[0.016s] Invoking command in '/home/tkn-yangfukang/HiveMind-Dev/Third-Party-Implementation-Unitree-SDK/go2/unitree-go2-slam-toolbox/build/go2_twist_bridge': CMAKE_PREFIX_PATH=${CMAKE_PREFIX_PATH}:/home/tkn-yangfukang/ws_moveit2/install/moveit_configs_utils:/home/tkn-yangfukang/ws_moveit2/install/launch_param_builder:/home/tkn-yangfukang/dobot_ws/install/servo_action:/home/tkn-yangfukang/dobot_ws/install/dobot_moveit:/home/tkn-yangfukang/dobot_ws/install/dobot_demo:/opt/ros/humble /usr/bin/cmake --build /home/tkn-yangfukang/HiveMind-Dev/Third-Party-Implementation-Unitree-SDK/go2/unitree-go2-slam-toolbox/build/go2_twist_bridge -- -j24 -l24
[0.100s] [100%] Built target twist_bridge
[0.119s] Invoked command in '/home/tkn-yangfukang/HiveMind-Dev/Third-Party-Implementation-Unitree-SDK/go2/unitree-go2-slam-toolbox/build/go2_twist_bridge' returned '0': CMAKE_PREFIX_PATH=${CMAKE_PREFIX_PATH}:/home/tkn-yangfukang/ws_moveit2/install/moveit_configs_utils:/home/tkn-yangfukang/ws_moveit2/install/launch_param_builder:/home/tkn-yangfukang/dobot_ws/install/servo_action:/home/tkn-yangfukang/dobot_ws/install/dobot_moveit:/home/tkn-yangfukang/dobot_ws/install/dobot_demo:/opt/ros/humble /usr/bin/cmake --build /home/tkn-yangfukang/HiveMind-Dev/Third-Party-Implementation-Unitree-SDK/go2/unitree-go2-slam-toolbox/build/go2_twist_bridge -- -j24 -l24
[0.121s] Invoking command in '/home/tkn-yangfukang/HiveMind-Dev/Third-Party-Implementation-Unitree-SDK/go2/unitree-go2-slam-toolbox/build/go2_twist_bridge': CMAKE_PREFIX_PATH=${CMAKE_PREFIX_PATH}:/home/tkn-yangfukang/ws_moveit2/install/moveit_configs_utils:/home/tkn-yangfukang/ws_moveit2/install/launch_param_builder:/home/tkn-yangfukang/dobot_ws/install/servo_action:/home/tkn-yangfukang/dobot_ws/install/dobot_moveit:/home/tkn-yangfukang/dobot_ws/install/dobot_demo:/opt/ros/humble /usr/bin/cmake --install /home/tkn-yangfukang/HiveMind-Dev/Third-Party-Implementation-Unitree-SDK/go2/unitree-go2-slam-toolbox/build/go2_twist_bridge
[0.130s] -- Install configuration: ""
[0.130s] -- Up-to-date: /home/tkn-yangfukang/HiveMind-Dev/Third-Party-Implementation-Unitree-SDK/go2/unitree-go2-slam-toolbox/install/go2_twist_bridge/lib/go2_twist_bridge/twist_bridge
[0.130s] -- Up-to-date: /home/tkn-yangfukang/HiveMind-Dev/Third-Party-Implementation-Unitree-SDK/go2/unitree-go2-slam-toolbox/install/go2_twist_bridge/share/ament_index/resource_index/package_run_dependencies/go2_twist_bridge
[0.130s] -- Up-to-date: /home/tkn-yangfukang/HiveMind-Dev/Third-Party-Implementation-Unitree-SDK/go2/unitree-go2-slam-toolbox/install/go2_twist_bridge/share/ament_index/resource_index/parent_prefix_path/go2_twist_bridge
[0.130s] -- Up-to-date: /home/tkn-yangfukang/HiveMind-Dev/Third-Party-Implementation-Unitree-SDK/go2/unitree-go2-slam-toolbox/install/go2_twist_bridge/share/go2_twist_bridge/environment/ament_prefix_path.sh
[0.130s] -- Up-to-date: /home/tkn-yangfukang/HiveMind-Dev/Third-Party-Implementation-Unitree-SDK/go2/unitree-go2-slam-toolbox/install/go2_twist_bridge/share/go2_twist_bridge/environment/ament_prefix_path.dsv
[0.130s] -- Up-to-date: /home/tkn-yangfukang/HiveMind-Dev/Third-Party-Implementation-Unitree-SDK/go2/unitree-go2-slam-toolbox/install/go2_twist_bridge/share/go2_twist_bridge/environment/path.sh
[0.130s] -- Up-to-date: /home/tkn-yangfukang/HiveMind-Dev/Third-Party-Implementation-Unitree-SDK/go2/unitree-go2-slam-toolbox/install/go2_twist_bridge/share/go2_twist_bridge/environment/path.dsv
[0.130s] -- Up-to-date: /home/tkn-yangfukang/HiveMind-Dev/Third-Party-Implementation-Unitree-SDK/go2/unitree-go2-slam-toolbox/install/go2_twist_bridge/share/go2_twist_bridge/local_setup.bash
[0.130s] -- Up-to-date: /home/tkn-yangfukang/HiveMind-Dev/Third-Party-Implementation-Unitree-SDK/go2/unitree-go2-slam-toolbox/install/go2_twist_bridge/share/go2_twist_bridge/local_setup.sh
[0.130s] -- Up-to-date: /home/tkn-yangfukang/HiveMind-Dev/Third-Party-Implementation-Unitree-SDK/go2/unitree-go2-slam-toolbox/install/go2_twist_bridge/share/go2_twist_bridge/local_setup.zsh
[0.130s] -- Up-to-date: /home/tkn-yangfukang/HiveMind-Dev/Third-Party-Implementation-Unitree-SDK/go2/unitree-go2-slam-toolbox/install/go2_twist_bridge/share/go2_twist_bridge/local_setup.dsv
[0.130s] -- Installing: /home/tkn-yangfukang/HiveMind-Dev/Third-Party-Implementation-Unitree-SDK/go2/unitree-go2-slam-toolbox/install/go2_twist_bridge/share/go2_twist_bridge/package.dsv
[0.131s] -- Up-to-date: /home/tkn-yangfukang/HiveMind-Dev/Third-Party-Implementation-Unitree-SDK/go2/unitree-go2-slam-toolbox/install/go2_twist_bridge/share/ament_index/resource_index/packages/go2_twist_bridge
[0.131s] -- Up-to-date: /home/tkn-yangfukang/HiveMind-Dev/Third-Party-Implementation-Unitree-SDK/go2/unitree-go2-slam-toolbox/install/go2_twist_bridge/share/go2_twist_bridge/cmake/go2_twist_bridgeConfig.cmake
[0.131s] -- Up-to-date: /home/tkn-yangfukang/HiveMind-Dev/Third-Party-Implementation-Unitree-SDK/go2/unitree-go2-slam-toolbox/install/go2_twist_bridge/share/go2_twist_bridge/cmake/go2_twist_bridgeConfig-version.cmake
[0.131s] -- Up-to-date: /home/tkn-yangfukang/HiveMind-Dev/Third-Party-Implementation-Unitree-SDK/go2/unitree-go2-slam-toolbox/install/go2_twist_bridge/share/go2_twist_bridge/package.xml
[0.132s] Invoked command in '/home/tkn-yangfukang/HiveMind-Dev/Third-Party-Implementation-Unitree-SDK/go2/unitree-go2-slam-toolbox/build/go2_twist_bridge' returned '0': CMAKE_PREFIX_PATH=${CMAKE_PREFIX_PATH}:/home/tkn-yangfukang/ws_moveit2/install/moveit_configs_utils:/home/tkn-yangfukang/ws_moveit2/install/launch_param_builder:/home/tkn-yangfukang/dobot_ws/install/servo_action:/home/tkn-yangfukang/dobot_ws/install/dobot_moveit:/home/tkn-yangfukang/dobot_ws/install/dobot_demo:/opt/ros/humble /usr/bin/cmake --install /home/tkn-yangfukang/HiveMind-Dev/Third-Party-Implementation-Unitree-SDK/go2/unitree-go2-slam-toolbox/build/go2_twist_bridge
