-- The C compiler identification is GNU 11.4.0
-- The CXX compiler identification is GNU 11.4.0
-- Detecting C compiler ABI info
-- Detecting C compiler ABI info - done
-- Check for working C compiler: /usr/bin/cc - skipped
-- Detecting C compile features
-- Detecting C compile features - done
-- Detecting CXX compiler ABI info
-- Detecting CXX compiler ABI info - done
-- Check for working CXX compiler: /usr/bin/c++ - skipped
-- Detecting CXX compile features
-- Detecting CXX compile features - done
-- Found ament_cmake: 1.3.12 (/opt/ros/humble/share/ament_cmake/cmake)
-- Found Python3: /usr/bin/python3 (found version "3.10.12") found components: Interpreter 
-- Found rclcpp: 16.0.14 (/opt/ros/humble/share/rclcpp/cmake)
-- Found rosidl_generator_c: 3.1.7 (/opt/ros/humble/share/rosidl_generator_c/cmake)
-- Found rosidl_adapter: 3.1.7 (/opt/ros/humble/share/rosidl_adapter/cmake)
-- Found rosidl_generator_cpp: 3.1.7 (/opt/ros/humble/share/rosidl_generator_cpp/cmake)
-- Using all available rosidl_typesupport_c: rosidl_typesupport_fastrtps_c;rosidl_typesupport_introspection_c
-- Using all available rosidl_typesupport_cpp: rosidl_typesupport_fastrtps_cpp;rosidl_typesupport_introspection_cpp
-- Found rmw_implementation_cmake: 6.1.2 (/opt/ros/humble/share/rmw_implementation_cmake/cmake)
-- Found rmw_cyclonedds_cpp: 1.3.4 (/opt/ros/humble/share/rmw_cyclonedds_cpp/cmake)
-- Using RMW implementation 'rmw_cyclonedds_cpp' as default
-- Looking for pthread.h
-- Looking for pthread.h - found
-- Performing Test CMAKE_HAVE_LIBC_PTHREAD
-- Performing Test CMAKE_HAVE_LIBC_PTHREAD - Success
-- Found Threads: TRUE  
-- Found unitree_go: 0.0.0 (/home/tkn-yangfukang/HiveMind-Dev/Third-Party-Implementation-Unitree-SDK/go2/unitree_ros2/cyclonedds_ws/install/unitree_go/share/unitree_go/cmake)
-- Found unitree_api: 0.0.0 (/home/tkn-yangfukang/HiveMind-Dev/Third-Party-Implementation-Unitree-SDK/go2/unitree_ros2/cyclonedds_ws/install/unitree_api/share/unitree_api/cmake)
-- Found nav_msgs: 4.9.0 (/opt/ros/humble/share/nav_msgs/cmake)
-- Found tf2: 0.25.16 (/opt/ros/humble/share/tf2/cmake)
-- Found tf2_ros: 0.25.16 (/opt/ros/humble/share/tf2_ros/cmake)
-- Found sensor_msgs: 4.9.0 (/opt/ros/humble/share/sensor_msgs/cmake)
-- Found ament_lint_auto: 0.12.14 (/opt/ros/humble/share/ament_lint_auto/cmake)
-- Added test 'cppcheck' to perform static code analysis on C / C++ code
-- Configured cppcheck include dirs: 
-- Configured cppcheck exclude dirs and/or files: 
-- Added test 'flake8' to check Python code syntax and style conventions
-- Added test 'lint_cmake' to check CMake code style
-- Added test 'pep257' to check Python code against some of the docstring style conventions in PEP 257
-- Added test 'uncrustify' to check C / C++ code style
-- Configured uncrustify additional arguments: 
-- Added test 'xmllint' to check XML markup files
-- Configuring done
-- Generating done
-- Build files have been written to: /home/tkn-yangfukang/HiveMind-Dev/Third-Party-Implementation-Unitree-SDK/go2/unitree-go2-slam-toolbox/build/go2_core
-- Install configuration: ""
-- Installing: /home/tkn-yangfukang/HiveMind-Dev/Third-Party-Implementation-Unitree-SDK/go2/unitree-go2-slam-toolbox/install/go2_core/share/go2_core/launch
-- Installing: /home/tkn-yangfukang/HiveMind-Dev/Third-Party-Implementation-Unitree-SDK/go2/unitree-go2-slam-toolbox/install/go2_core/share/go2_core/launch/go2_start.launch.py
-- Installing: /home/tkn-yangfukang/HiveMind-Dev/Third-Party-Implementation-Unitree-SDK/go2/unitree-go2-slam-toolbox/install/go2_core/share/go2_core/launch/go2_robot_localization.launch.py
-- Installing: /home/tkn-yangfukang/HiveMind-Dev/Third-Party-Implementation-Unitree-SDK/go2/unitree-go2-slam-toolbox/install/go2_core/share/go2_core/launch/go2_nav2.launch.py
-- Installing: /home/tkn-yangfukang/HiveMind-Dev/Third-Party-Implementation-Unitree-SDK/go2/unitree-go2-slam-toolbox/install/go2_core/share/go2_core/rviz2
-- Installing: /home/tkn-yangfukang/HiveMind-Dev/Third-Party-Implementation-Unitree-SDK/go2/unitree-go2-slam-toolbox/install/go2_core/share/go2_core/rviz2/display.rviz
-- Installing: /home/tkn-yangfukang/HiveMind-Dev/Third-Party-Implementation-Unitree-SDK/go2/unitree-go2-slam-toolbox/install/go2_core/share/go2_core/config
-- Installing: /home/tkn-yangfukang/HiveMind-Dev/Third-Party-Implementation-Unitree-SDK/go2/unitree-go2-slam-toolbox/install/go2_core/share/go2_core/config/go2_ekf_params.yaml
-- Installing: /home/tkn-yangfukang/HiveMind-Dev/Third-Party-Implementation-Unitree-SDK/go2/unitree-go2-slam-toolbox/install/go2_core/share/ament_index/resource_index/package_run_dependencies/go2_core
-- Installing: /home/tkn-yangfukang/HiveMind-Dev/Third-Party-Implementation-Unitree-SDK/go2/unitree-go2-slam-toolbox/install/go2_core/share/ament_index/resource_index/parent_prefix_path/go2_core
-- Installing: /home/tkn-yangfukang/HiveMind-Dev/Third-Party-Implementation-Unitree-SDK/go2/unitree-go2-slam-toolbox/install/go2_core/share/go2_core/environment/ament_prefix_path.sh
-- Installing: /home/tkn-yangfukang/HiveMind-Dev/Third-Party-Implementation-Unitree-SDK/go2/unitree-go2-slam-toolbox/install/go2_core/share/go2_core/environment/ament_prefix_path.dsv
-- Installing: /home/tkn-yangfukang/HiveMind-Dev/Third-Party-Implementation-Unitree-SDK/go2/unitree-go2-slam-toolbox/install/go2_core/share/go2_core/environment/path.sh
-- Installing: /home/tkn-yangfukang/HiveMind-Dev/Third-Party-Implementation-Unitree-SDK/go2/unitree-go2-slam-toolbox/install/go2_core/share/go2_core/environment/path.dsv
-- Installing: /home/tkn-yangfukang/HiveMind-Dev/Third-Party-Implementation-Unitree-SDK/go2/unitree-go2-slam-toolbox/install/go2_core/share/go2_core/local_setup.bash
-- Installing: /home/tkn-yangfukang/HiveMind-Dev/Third-Party-Implementation-Unitree-SDK/go2/unitree-go2-slam-toolbox/install/go2_core/share/go2_core/local_setup.sh
-- Installing: /home/tkn-yangfukang/HiveMind-Dev/Third-Party-Implementation-Unitree-SDK/go2/unitree-go2-slam-toolbox/install/go2_core/share/go2_core/local_setup.zsh
-- Installing: /home/tkn-yangfukang/HiveMind-Dev/Third-Party-Implementation-Unitree-SDK/go2/unitree-go2-slam-toolbox/install/go2_core/share/go2_core/local_setup.dsv
-- Installing: /home/tkn-yangfukang/HiveMind-Dev/Third-Party-Implementation-Unitree-SDK/go2/unitree-go2-slam-toolbox/install/go2_core/share/go2_core/package.dsv
-- Installing: /home/tkn-yangfukang/HiveMind-Dev/Third-Party-Implementation-Unitree-SDK/go2/unitree-go2-slam-toolbox/install/go2_core/share/ament_index/resource_index/packages/go2_core
-- Installing: /home/tkn-yangfukang/HiveMind-Dev/Third-Party-Implementation-Unitree-SDK/go2/unitree-go2-slam-toolbox/install/go2_core/share/go2_core/cmake/go2_coreConfig.cmake
-- Installing: /home/tkn-yangfukang/HiveMind-Dev/Third-Party-Implementation-Unitree-SDK/go2/unitree-go2-slam-toolbox/install/go2_core/share/go2_core/cmake/go2_coreConfig-version.cmake
-- Installing: /home/tkn-yangfukang/HiveMind-Dev/Third-Party-Implementation-Unitree-SDK/go2/unitree-go2-slam-toolbox/install/go2_core/share/go2_core/package.xml
