[0.010s] Invoking command in '/home/tkn-yangfukang/HiveMind-Dev/Third-Party-Implementation-Unitree-SDK/go2/unitree-go2-slam-toolbox/build/go2_description': CMAKE_PREFIX_PATH=${CMAKE_PREFIX_PATH}:/home/tkn-yangfukang/HiveMind-Dev/Third-Party-Implementation-Unitree-SDK/go2/unitree-go2-slam-toolbox/install/message_test:/home/tkn-yangfukang/ws_moveit2/install/moveit_configs_utils:/home/tkn-yangfukang/ws_moveit2/install/launch_param_builder:/home/tkn-yangfukang/dobot_ws/install/servo_action:/home/tkn-yangfukang/dobot_ws/install/dobot_moveit:/home/tkn-yangfukang/dobot_ws/install/dobot_demo:/opt/ros/humble /usr/bin/cmake --build /home/tkn-yangfukang/HiveMind-Dev/Third-Party-Implementation-Unitree-SDK/go2/unitree-go2-slam-toolbox/build/go2_description -- -j24 -l24
[0.065s] Invoked command in '/home/tkn-yangfukang/HiveMind-Dev/Third-Party-Implementation-Unitree-SDK/go2/unitree-go2-slam-toolbox/build/go2_description' returned '0': CMAKE_PREFIX_PATH=${CMAKE_PREFIX_PATH}:/home/tkn-yangfukang/HiveMind-Dev/Third-Party-Implementation-Unitree-SDK/go2/unitree-go2-slam-toolbox/install/message_test:/home/tkn-yangfukang/ws_moveit2/install/moveit_configs_utils:/home/tkn-yangfukang/ws_moveit2/install/launch_param_builder:/home/tkn-yangfukang/dobot_ws/install/servo_action:/home/tkn-yangfukang/dobot_ws/install/dobot_moveit:/home/tkn-yangfukang/dobot_ws/install/dobot_demo:/opt/ros/humble /usr/bin/cmake --build /home/tkn-yangfukang/HiveMind-Dev/Third-Party-Implementation-Unitree-SDK/go2/unitree-go2-slam-toolbox/build/go2_description -- -j24 -l24
[0.067s] Invoking command in '/home/tkn-yangfukang/HiveMind-Dev/Third-Party-Implementation-Unitree-SDK/go2/unitree-go2-slam-toolbox/build/go2_description': CMAKE_PREFIX_PATH=${CMAKE_PREFIX_PATH}:/home/tkn-yangfukang/HiveMind-Dev/Third-Party-Implementation-Unitree-SDK/go2/unitree-go2-slam-toolbox/install/message_test:/home/tkn-yangfukang/ws_moveit2/install/moveit_configs_utils:/home/tkn-yangfukang/ws_moveit2/install/launch_param_builder:/home/tkn-yangfukang/dobot_ws/install/servo_action:/home/tkn-yangfukang/dobot_ws/install/dobot_moveit:/home/tkn-yangfukang/dobot_ws/install/dobot_demo:/opt/ros/humble /usr/bin/cmake --install /home/tkn-yangfukang/HiveMind-Dev/Third-Party-Implementation-Unitree-SDK/go2/unitree-go2-slam-toolbox/build/go2_description
[0.084s] -- Install configuration: ""
[0.084s] -- Up-to-date: /home/tkn-yangfukang/HiveMind-Dev/Third-Party-Implementation-Unitree-SDK/go2/unitree-go2-slam-toolbox/install/go2_description/share/go2_description/launch
[0.084s] -- Up-to-date: /home/tkn-yangfukang/HiveMind-Dev/Third-Party-Implementation-Unitree-SDK/go2/unitree-go2-slam-toolbox/install/go2_description/share/go2_description/launch/display.launch.py
[0.084s] -- Up-to-date: /home/tkn-yangfukang/HiveMind-Dev/Third-Party-Implementation-Unitree-SDK/go2/unitree-go2-slam-toolbox/install/go2_description/share/go2_description/urdf
[0.084s] -- Up-to-date: /home/tkn-yangfukang/HiveMind-Dev/Third-Party-Implementation-Unitree-SDK/go2/unitree-go2-slam-toolbox/install/go2_description/share/go2_description/urdf/go2_description.urdf
[0.084s] -- Up-to-date: /home/tkn-yangfukang/HiveMind-Dev/Third-Party-Implementation-Unitree-SDK/go2/unitree-go2-slam-toolbox/install/go2_description/share/go2_description/urdf/Amended_collision_model.png
[0.084s] -- Up-to-date: /home/tkn-yangfukang/HiveMind-Dev/Third-Party-Implementation-Unitree-SDK/go2/unitree-go2-slam-toolbox/install/go2_description/share/go2_description/urdf/Normal_collision_model.png
[0.084s] -- Up-to-date: /home/tkn-yangfukang/HiveMind-Dev/Third-Party-Implementation-Unitree-SDK/go2/unitree-go2-slam-toolbox/install/go2_description/share/go2_description/urdf/.history
[0.084s] -- Up-to-date: /home/tkn-yangfukang/HiveMind-Dev/Third-Party-Implementation-Unitree-SDK/go2/unitree-go2-slam-toolbox/install/go2_description/share/go2_description/urdf/.history/go2_description_20230905112752.urdf
[0.084s] -- Up-to-date: /home/tkn-yangfukang/HiveMind-Dev/Third-Party-Implementation-Unitree-SDK/go2/unitree-go2-slam-toolbox/install/go2_description/share/go2_description/urdf/.history/go2_description_20230904193705.urdf
[0.084s] -- Up-to-date: /home/tkn-yangfukang/HiveMind-Dev/Third-Party-Implementation-Unitree-SDK/go2/unitree-go2-slam-toolbox/install/go2_description/share/go2_description/urdf/.history/go2_description_20230905115040.urdf
[0.085s] -- Up-to-date: /home/tkn-yangfukang/HiveMind-Dev/Third-Party-Implementation-Unitree-SDK/go2/unitree-go2-slam-toolbox/install/go2_description/share/go2_description/urdf/.history/go2_description_20230904193644.urdf
[0.085s] -- Up-to-date: /home/tkn-yangfukang/HiveMind-Dev/Third-Party-Implementation-Unitree-SDK/go2/unitree-go2-slam-toolbox/install/go2_description/share/go2_description/urdf/.history/go2_description_20230905112047.urdf
[0.085s] -- Up-to-date: /home/tkn-yangfukang/HiveMind-Dev/Third-Party-Implementation-Unitree-SDK/go2/unitree-go2-slam-toolbox/install/go2_description/share/go2_description/urdf/.history/go2_description_20230905112749.urdf
[0.085s] -- Up-to-date: /home/tkn-yangfukang/HiveMind-Dev/Third-Party-Implementation-Unitree-SDK/go2/unitree-go2-slam-toolbox/install/go2_description/share/go2_description/urdf/.history/go2_description_20230905112735.urdf
[0.085s] -- Up-to-date: /home/tkn-yangfukang/HiveMind-Dev/Third-Party-Implementation-Unitree-SDK/go2/unitree-go2-slam-toolbox/install/go2_description/share/go2_description/urdf/.history/go2_description_20230905113633.urdf
[0.085s] -- Up-to-date: /home/tkn-yangfukang/HiveMind-Dev/Third-Party-Implementation-Unitree-SDK/go2/unitree-go2-slam-toolbox/install/go2_description/share/go2_description/urdf/.history/go2_description_20230905113000.urdf
[0.085s] -- Up-to-date: /home/tkn-yangfukang/HiveMind-Dev/Third-Party-Implementation-Unitree-SDK/go2/unitree-go2-slam-toolbox/install/go2_description/share/go2_description/urdf/.history/go2_description_20230905113755.urdf
[0.085s] -- Up-to-date: /home/tkn-yangfukang/HiveMind-Dev/Third-Party-Implementation-Unitree-SDK/go2/unitree-go2-slam-toolbox/install/go2_description/share/go2_description/urdf/.history/go2_description_20230905112217.urdf
[0.085s] -- Up-to-date: /home/tkn-yangfukang/HiveMind-Dev/Third-Party-Implementation-Unitree-SDK/go2/unitree-go2-slam-toolbox/install/go2_description/share/go2_description/urdf/.history/go2_description_20230904193653.urdf
[0.085s] -- Up-to-date: /home/tkn-yangfukang/HiveMind-Dev/Third-Party-Implementation-Unitree-SDK/go2/unitree-go2-slam-toolbox/install/go2_description/share/go2_description/urdf/.history/go2_description_20230904193628.urdf
[0.085s] -- Up-to-date: /home/tkn-yangfukang/HiveMind-Dev/Third-Party-Implementation-Unitree-SDK/go2/unitree-go2-slam-toolbox/install/go2_description/share/go2_description/urdf/.history/go2_description_20230905113754.urdf
[0.085s] -- Up-to-date: /home/tkn-yangfukang/HiveMind-Dev/Third-Party-Implementation-Unitree-SDK/go2/unitree-go2-slam-toolbox/install/go2_description/share/go2_description/urdf/.history/go2_description_20230905115226.urdf
[0.085s] -- Up-to-date: /home/tkn-yangfukang/HiveMind-Dev/Third-Party-Implementation-Unitree-SDK/go2/unitree-go2-slam-toolbox/install/go2_description/share/go2_description/urdf/.history/go2_description_20230905112143.urdf
[0.085s] -- Up-to-date: /home/tkn-yangfukang/HiveMind-Dev/Third-Party-Implementation-Unitree-SDK/go2/unitree-go2-slam-toolbox/install/go2_description/share/go2_description/urdf/.history/go2_description_20230905114759.urdf
[0.085s] -- Up-to-date: /home/tkn-yangfukang/HiveMind-Dev/Third-Party-Implementation-Unitree-SDK/go2/unitree-go2-slam-toolbox/install/go2_description/share/go2_description/urdf/.history/go2_description_20230905112944.urdf
[0.085s] -- Up-to-date: /home/tkn-yangfukang/HiveMind-Dev/Third-Party-Implementation-Unitree-SDK/go2/unitree-go2-slam-toolbox/install/go2_description/share/go2_description/urdf/.history/go2_description_20230905115215.urdf
[0.085s] -- Up-to-date: /home/tkn-yangfukang/HiveMind-Dev/Third-Party-Implementation-Unitree-SDK/go2/unitree-go2-slam-toolbox/install/go2_description/share/go2_description/urdf/.history/go2_description_20230904144240.urdf
[0.085s] -- Up-to-date: /home/tkn-yangfukang/HiveMind-Dev/Third-Party-Implementation-Unitree-SDK/go2/unitree-go2-slam-toolbox/install/go2_description/share/go2_description/urdf/.history/go2_description_20230904182446.urdf
[0.086s] -- Up-to-date: /home/tkn-yangfukang/HiveMind-Dev/Third-Party-Implementation-Unitree-SDK/go2/unitree-go2-slam-toolbox/install/go2_description/share/go2_description/urdf/.history/go2_description_20230905115022.urdf
[0.086s] -- Up-to-date: /home/tkn-yangfukang/HiveMind-Dev/Third-Party-Implementation-Unitree-SDK/go2/unitree-go2-slam-toolbox/install/go2_description/share/go2_description/urdf/.history/go2_description_20230904193711.urdf
[0.086s] -- Up-to-date: /home/tkn-yangfukang/HiveMind-Dev/Third-Party-Implementation-Unitree-SDK/go2/unitree-go2-slam-toolbox/install/go2_description/share/go2_description/urdf/.history/go2_description_20230905115300.urdf
[0.086s] -- Up-to-date: /home/tkn-yangfukang/HiveMind-Dev/Third-Party-Implementation-Unitree-SDK/go2/unitree-go2-slam-toolbox/install/go2_description/share/go2_description/urdf/.history/go2_description_20230905113839.urdf
[0.086s] -- Up-to-date: /home/tkn-yangfukang/HiveMind-Dev/Third-Party-Implementation-Unitree-SDK/go2/unitree-go2-slam-toolbox/install/go2_description/share/go2_description/urdf/.history/go2_description_20230905115021.urdf
[0.086s] -- Up-to-date: /home/tkn-yangfukang/HiveMind-Dev/Third-Party-Implementation-Unitree-SDK/go2/unitree-go2-slam-toolbox/install/go2_description/share/go2_description/urdf/.history/go2_description_20230905113059.urdf
[0.086s] -- Up-to-date: /home/tkn-yangfukang/HiveMind-Dev/Third-Party-Implementation-Unitree-SDK/go2/unitree-go2-slam-toolbox/install/go2_description/share/go2_description/urdf/.history/go2_description_20230905113840.urdf
[0.086s] -- Up-to-date: /home/tkn-yangfukang/HiveMind-Dev/Third-Party-Implementation-Unitree-SDK/go2/unitree-go2-slam-toolbox/install/go2_description/share/go2_description/urdf/.history/go2_description_20230905114819.urdf
[0.086s] -- Up-to-date: /home/tkn-yangfukang/HiveMind-Dev/Third-Party-Implementation-Unitree-SDK/go2/unitree-go2-slam-toolbox/install/go2_description/share/go2_description/urdf/.history/go2_description_20230905115313.urdf
[0.086s] -- Up-to-date: /home/tkn-yangfukang/HiveMind-Dev/Third-Party-Implementation-Unitree-SDK/go2/unitree-go2-slam-toolbox/install/go2_description/share/go2_description/urdf/.history/go2_description_20230904193710.urdf
[0.086s] -- Up-to-date: /home/tkn-yangfukang/HiveMind-Dev/Third-Party-Implementation-Unitree-SDK/go2/unitree-go2-slam-toolbox/install/go2_description/share/go2_description/dae
[0.086s] -- Up-to-date: /home/tkn-yangfukang/HiveMind-Dev/Third-Party-Implementation-Unitree-SDK/go2/unitree-go2-slam-toolbox/install/go2_description/share/go2_description/dae/thigh.dae
[0.086s] -- Up-to-date: /home/tkn-yangfukang/HiveMind-Dev/Third-Party-Implementation-Unitree-SDK/go2/unitree-go2-slam-toolbox/install/go2_description/share/go2_description/dae/thigh_mirror.dae
[0.086s] -- Up-to-date: /home/tkn-yangfukang/HiveMind-Dev/Third-Party-Implementation-Unitree-SDK/go2/unitree-go2-slam-toolbox/install/go2_description/share/go2_description/dae/foot.dae
[0.087s] -- Up-to-date: /home/tkn-yangfukang/HiveMind-Dev/Third-Party-Implementation-Unitree-SDK/go2/unitree-go2-slam-toolbox/install/go2_description/share/go2_description/dae/calf_mirror.dae
[0.087s] -- Up-to-date: /home/tkn-yangfukang/HiveMind-Dev/Third-Party-Implementation-Unitree-SDK/go2/unitree-go2-slam-toolbox/install/go2_description/share/go2_description/dae/calf.dae
[0.087s] -- Up-to-date: /home/tkn-yangfukang/HiveMind-Dev/Third-Party-Implementation-Unitree-SDK/go2/unitree-go2-slam-toolbox/install/go2_description/share/go2_description/dae/base.dae
[0.087s] -- Up-to-date: /home/tkn-yangfukang/HiveMind-Dev/Third-Party-Implementation-Unitree-SDK/go2/unitree-go2-slam-toolbox/install/go2_description/share/go2_description/dae/hip.dae
[0.087s] -- Up-to-date: /home/tkn-yangfukang/HiveMind-Dev/Third-Party-Implementation-Unitree-SDK/go2/unitree-go2-slam-toolbox/install/go2_description/share/go2_description/meshes
[0.087s] -- Up-to-date: /home/tkn-yangfukang/HiveMind-Dev/Third-Party-Implementation-Unitree-SDK/go2/unitree-go2-slam-toolbox/install/go2_description/share/go2_description/meshes/trunk.dae
[0.087s] -- Up-to-date: /home/tkn-yangfukang/HiveMind-Dev/Third-Party-Implementation-Unitree-SDK/go2/unitree-go2-slam-toolbox/install/go2_description/share/go2_description/meshes/thigh.dae
[0.087s] -- Up-to-date: /home/tkn-yangfukang/HiveMind-Dev/Third-Party-Implementation-Unitree-SDK/go2/unitree-go2-slam-toolbox/install/go2_description/share/go2_description/meshes/thigh_mirror.dae
[0.087s] -- Up-to-date: /home/tkn-yangfukang/HiveMind-Dev/Third-Party-Implementation-Unitree-SDK/go2/unitree-go2-slam-toolbox/install/go2_description/share/go2_description/meshes/foot.dae
[0.087s] -- Up-to-date: /home/tkn-yangfukang/HiveMind-Dev/Third-Party-Implementation-Unitree-SDK/go2/unitree-go2-slam-toolbox/install/go2_description/share/go2_description/meshes/calf_mirror.dae
[0.087s] -- Up-to-date: /home/tkn-yangfukang/HiveMind-Dev/Third-Party-Implementation-Unitree-SDK/go2/unitree-go2-slam-toolbox/install/go2_description/share/go2_description/meshes/calf.dae
[0.087s] -- Up-to-date: /home/tkn-yangfukang/HiveMind-Dev/Third-Party-Implementation-Unitree-SDK/go2/unitree-go2-slam-toolbox/install/go2_description/share/go2_description/meshes/hip.dae
[0.087s] -- Up-to-date: /home/tkn-yangfukang/HiveMind-Dev/Third-Party-Implementation-Unitree-SDK/go2/unitree-go2-slam-toolbox/install/go2_description/share/ament_index/resource_index/package_run_dependencies/go2_description
[0.087s] -- Up-to-date: /home/tkn-yangfukang/HiveMind-Dev/Third-Party-Implementation-Unitree-SDK/go2/unitree-go2-slam-toolbox/install/go2_description/share/ament_index/resource_index/parent_prefix_path/go2_description
[0.087s] -- Up-to-date: /home/tkn-yangfukang/HiveMind-Dev/Third-Party-Implementation-Unitree-SDK/go2/unitree-go2-slam-toolbox/install/go2_description/share/go2_description/environment/ament_prefix_path.sh
[0.087s] -- Up-to-date: /home/tkn-yangfukang/HiveMind-Dev/Third-Party-Implementation-Unitree-SDK/go2/unitree-go2-slam-toolbox/install/go2_description/share/go2_description/environment/ament_prefix_path.dsv
[0.088s] -- Up-to-date: /home/tkn-yangfukang/HiveMind-Dev/Third-Party-Implementation-Unitree-SDK/go2/unitree-go2-slam-toolbox/install/go2_description/share/go2_description/environment/path.sh
[0.088s] -- Up-to-date: /home/tkn-yangfukang/HiveMind-Dev/Third-Party-Implementation-Unitree-SDK/go2/unitree-go2-slam-toolbox/install/go2_description/share/go2_description/environment/path.dsv
[0.088s] -- Up-to-date: /home/tkn-yangfukang/HiveMind-Dev/Third-Party-Implementation-Unitree-SDK/go2/unitree-go2-slam-toolbox/install/go2_description/share/go2_description/local_setup.bash
[0.088s] -- Up-to-date: /home/tkn-yangfukang/HiveMind-Dev/Third-Party-Implementation-Unitree-SDK/go2/unitree-go2-slam-toolbox/install/go2_description/share/go2_description/local_setup.sh
[0.088s] -- Up-to-date: /home/tkn-yangfukang/HiveMind-Dev/Third-Party-Implementation-Unitree-SDK/go2/unitree-go2-slam-toolbox/install/go2_description/share/go2_description/local_setup.zsh
[0.088s] -- Up-to-date: /home/tkn-yangfukang/HiveMind-Dev/Third-Party-Implementation-Unitree-SDK/go2/unitree-go2-slam-toolbox/install/go2_description/share/go2_description/local_setup.dsv
[0.088s] -- Installing: /home/tkn-yangfukang/HiveMind-Dev/Third-Party-Implementation-Unitree-SDK/go2/unitree-go2-slam-toolbox/install/go2_description/share/go2_description/package.dsv
[0.088s] -- Up-to-date: /home/tkn-yangfukang/HiveMind-Dev/Third-Party-Implementation-Unitree-SDK/go2/unitree-go2-slam-toolbox/install/go2_description/share/ament_index/resource_index/packages/go2_description
[0.088s] -- Up-to-date: /home/tkn-yangfukang/HiveMind-Dev/Third-Party-Implementation-Unitree-SDK/go2/unitree-go2-slam-toolbox/install/go2_description/share/go2_description/cmake/go2_descriptionConfig.cmake
[0.088s] -- Up-to-date: /home/tkn-yangfukang/HiveMind-Dev/Third-Party-Implementation-Unitree-SDK/go2/unitree-go2-slam-toolbox/install/go2_description/share/go2_description/cmake/go2_descriptionConfig-version.cmake
[0.088s] -- Up-to-date: /home/tkn-yangfukang/HiveMind-Dev/Third-Party-Implementation-Unitree-SDK/go2/unitree-go2-slam-toolbox/install/go2_description/share/go2_description/package.xml
[0.089s] Invoked command in '/home/tkn-yangfukang/HiveMind-Dev/Third-Party-Implementation-Unitree-SDK/go2/unitree-go2-slam-toolbox/build/go2_description' returned '0': CMAKE_PREFIX_PATH=${CMAKE_PREFIX_PATH}:/home/tkn-yangfukang/HiveMind-Dev/Third-Party-Implementation-Unitree-SDK/go2/unitree-go2-slam-toolbox/install/message_test:/home/tkn-yangfukang/ws_moveit2/install/moveit_configs_utils:/home/tkn-yangfukang/ws_moveit2/install/launch_param_builder:/home/tkn-yangfukang/dobot_ws/install/servo_action:/home/tkn-yangfukang/dobot_ws/install/dobot_moveit:/home/tkn-yangfukang/dobot_ws/install/dobot_demo:/opt/ros/humble /usr/bin/cmake --install /home/tkn-yangfukang/HiveMind-Dev/Third-Party-Implementation-Unitree-SDK/go2/unitree-go2-slam-toolbox/build/go2_description
