[0.010s] Invoking command in '/home/tkn-yangfukang/HiveMind-Dev/Third-Party-Implementation-Unitree-SDK/go2/unitree-go2-slam-toolbox/build/go2_navigation2': CMAKE_PREFIX_PATH=${CMAKE_PREFIX_PATH}:/home/tkn-yangfukang/ws_moveit2/install/moveit_configs_utils:/home/tkn-yangfukang/ws_moveit2/install/launch_param_builder:/home/tkn-yangfukang/dobot_ws/install/servo_action:/home/tkn-yangfukang/dobot_ws/install/dobot_moveit:/home/tkn-yangfukang/dobot_ws/install/dobot_demo:/opt/ros/humble /usr/bin/cmake /home/tkn-yangfukang/HiveMind-Dev/Third-Party-Implementation-Unitree-SDK/go2/unitree-go2-slam-toolbox/src/go2_navigation2 -DCMAKE_INSTALL_PREFIX=/home/tkn-yangfukang/HiveMind-Dev/Third-Party-Implementation-Unitree-SDK/go2/unitree-go2-slam-toolbox/install/go2_navigation2
[0.078s] -- The C compiler identification is GNU 11.4.0
[0.134s] -- The CXX compiler identification is GNU 11.4.0
[0.142s] -- Detecting C compiler ABI info
[0.267s] -- Detecting C compiler ABI info - done
[0.274s] -- Check for working C compiler: /usr/bin/cc - skipped
[0.274s] -- Detecting C compile features
[0.274s] -- Detecting C compile features - done
[0.276s] -- Detecting CXX compiler ABI info
[0.401s] -- Detecting CXX compiler ABI info - done
[0.409s] -- Check for working CXX compiler: /usr/bin/c++ - skipped
[0.409s] -- Detecting CXX compile features
[0.409s] -- Detecting CXX compile features - done
[0.418s] -- Found ament_cmake: 1.3.12 (/opt/ros/humble/share/ament_cmake/cmake)
[0.597s] -- Found Python3: /usr/bin/python3 (found version "3.10.12") found components: Interpreter 
[0.703s] -- Found rclcpp: 16.0.14 (/opt/ros/humble/share/rclcpp/cmake)
[0.757s] -- Found rosidl_generator_c: 3.1.7 (/opt/ros/humble/share/rosidl_generator_c/cmake)
[0.765s] -- Found rosidl_adapter: 3.1.7 (/opt/ros/humble/share/rosidl_adapter/cmake)
[0.775s] -- Found rosidl_generator_cpp: 3.1.7 (/opt/ros/humble/share/rosidl_generator_cpp/cmake)
[0.789s] -- Using all available rosidl_typesupport_c: rosidl_typesupport_fastrtps_c;rosidl_typesupport_introspection_c
[0.808s] -- Using all available rosidl_typesupport_cpp: rosidl_typesupport_fastrtps_cpp;rosidl_typesupport_introspection_cpp
[0.861s] -- Found rmw_implementation_cmake: 6.1.2 (/opt/ros/humble/share/rmw_implementation_cmake/cmake)
[0.869s] -- Found rmw_cyclonedds_cpp: 1.3.4 (/opt/ros/humble/share/rmw_cyclonedds_cpp/cmake)
[0.900s] -- Using RMW implementation 'rmw_cyclonedds_cpp' as default
[0.913s] -- Looking for pthread.h
[1.009s] -- Looking for pthread.h - found
[1.010s] -- Performing Test CMAKE_HAVE_LIBC_PTHREAD
[1.146s] -- Performing Test CMAKE_HAVE_LIBC_PTHREAD - Success
[1.147s] -- Found Threads: TRUE  
[1.192s] -- Found unitree_go: 0.0.0 (/home/tkn-yangfukang/HiveMind-Dev/Third-Party-Implementation-Unitree-SDK/go2/unitree_ros2/cyclonedds_ws/install/unitree_go/share/unitree_go/cmake)
[1.209s] -- Found unitree_api: 0.0.0 (/home/tkn-yangfukang/HiveMind-Dev/Third-Party-Implementation-Unitree-SDK/go2/unitree_ros2/cyclonedds_ws/install/unitree_api/share/unitree_api/cmake)
[1.219s] -- Found nav_msgs: 4.9.0 (/opt/ros/humble/share/nav_msgs/cmake)
[1.235s] -- Found ament_lint_auto: 0.12.14 (/opt/ros/humble/share/ament_lint_auto/cmake)
[1.303s] -- Added test 'cppcheck' to perform static code analysis on C / C++ code
[1.303s] -- Configured cppcheck include dirs: $<BUILD_INTERFACE:/home/tkn-yangfukang/HiveMind-Dev/Third-Party-Implementation-Unitree-SDK/go2/unitree-go2-slam-toolbox/src/go2_navigation2/include>
[1.303s] -- Configured cppcheck exclude dirs and/or files: 
[1.303s] -- Added test 'flake8' to check Python code syntax and style conventions
[1.304s] -- Added test 'lint_cmake' to check CMake code style
[1.305s] -- Added test 'pep257' to check Python code against some of the docstring style conventions in PEP 257
[1.306s] -- Added test 'uncrustify' to check C / C++ code style
[1.306s] -- Configured uncrustify additional arguments: 
[1.307s] -- Added test 'xmllint' to check XML markup files
[1.308s] -- Configuring done
[1.313s] -- Generating done
[1.315s] -- Build files have been written to: /home/tkn-yangfukang/HiveMind-Dev/Third-Party-Implementation-Unitree-SDK/go2/unitree-go2-slam-toolbox/build/go2_navigation2
[1.320s] Invoked command in '/home/tkn-yangfukang/HiveMind-Dev/Third-Party-Implementation-Unitree-SDK/go2/unitree-go2-slam-toolbox/build/go2_navigation2' returned '0': CMAKE_PREFIX_PATH=${CMAKE_PREFIX_PATH}:/home/tkn-yangfukang/ws_moveit2/install/moveit_configs_utils:/home/tkn-yangfukang/ws_moveit2/install/launch_param_builder:/home/tkn-yangfukang/dobot_ws/install/servo_action:/home/tkn-yangfukang/dobot_ws/install/dobot_moveit:/home/tkn-yangfukang/dobot_ws/install/dobot_demo:/opt/ros/humble /usr/bin/cmake /home/tkn-yangfukang/HiveMind-Dev/Third-Party-Implementation-Unitree-SDK/go2/unitree-go2-slam-toolbox/src/go2_navigation2 -DCMAKE_INSTALL_PREFIX=/home/tkn-yangfukang/HiveMind-Dev/Third-Party-Implementation-Unitree-SDK/go2/unitree-go2-slam-toolbox/install/go2_navigation2
[1.322s] Invoking command in '/home/tkn-yangfukang/HiveMind-Dev/Third-Party-Implementation-Unitree-SDK/go2/unitree-go2-slam-toolbox/build/go2_navigation2': CMAKE_PREFIX_PATH=${CMAKE_PREFIX_PATH}:/home/tkn-yangfukang/ws_moveit2/install/moveit_configs_utils:/home/tkn-yangfukang/ws_moveit2/install/launch_param_builder:/home/tkn-yangfukang/dobot_ws/install/servo_action:/home/tkn-yangfukang/dobot_ws/install/dobot_moveit:/home/tkn-yangfukang/dobot_ws/install/dobot_demo:/opt/ros/humble /usr/bin/cmake --build /home/tkn-yangfukang/HiveMind-Dev/Third-Party-Implementation-Unitree-SDK/go2/unitree-go2-slam-toolbox/build/go2_navigation2 -- -j24 -l24
[1.387s] [ 50%] [32mBuilding CXX object CMakeFiles/navigation.dir/src/navigation.cpp.o[0m
[1.427s] [100%] [32m[1mLinking CXX executable navigation[0m
[1.515s] [100%] Built target navigation
[1.528s] Invoked command in '/home/tkn-yangfukang/HiveMind-Dev/Third-Party-Implementation-Unitree-SDK/go2/unitree-go2-slam-toolbox/build/go2_navigation2' returned '0': CMAKE_PREFIX_PATH=${CMAKE_PREFIX_PATH}:/home/tkn-yangfukang/ws_moveit2/install/moveit_configs_utils:/home/tkn-yangfukang/ws_moveit2/install/launch_param_builder:/home/tkn-yangfukang/dobot_ws/install/servo_action:/home/tkn-yangfukang/dobot_ws/install/dobot_moveit:/home/tkn-yangfukang/dobot_ws/install/dobot_demo:/opt/ros/humble /usr/bin/cmake --build /home/tkn-yangfukang/HiveMind-Dev/Third-Party-Implementation-Unitree-SDK/go2/unitree-go2-slam-toolbox/build/go2_navigation2 -- -j24 -l24
[1.530s] Invoking command in '/home/tkn-yangfukang/HiveMind-Dev/Third-Party-Implementation-Unitree-SDK/go2/unitree-go2-slam-toolbox/build/go2_navigation2': CMAKE_PREFIX_PATH=${CMAKE_PREFIX_PATH}:/home/tkn-yangfukang/ws_moveit2/install/moveit_configs_utils:/home/tkn-yangfukang/ws_moveit2/install/launch_param_builder:/home/tkn-yangfukang/dobot_ws/install/servo_action:/home/tkn-yangfukang/dobot_ws/install/dobot_moveit:/home/tkn-yangfukang/dobot_ws/install/dobot_demo:/opt/ros/humble /usr/bin/cmake --install /home/tkn-yangfukang/HiveMind-Dev/Third-Party-Implementation-Unitree-SDK/go2/unitree-go2-slam-toolbox/build/go2_navigation2
[1.543s] -- Install configuration: ""
[1.543s] -- Installing: /home/tkn-yangfukang/HiveMind-Dev/Third-Party-Implementation-Unitree-SDK/go2/unitree-go2-slam-toolbox/install/go2_navigation2/lib/go2_navigation2/navigation
[1.543s] -- Set runtime path of "/home/tkn-yangfukang/HiveMind-Dev/Third-Party-Implementation-Unitree-SDK/go2/unitree-go2-slam-toolbox/install/go2_navigation2/lib/go2_navigation2/navigation" to ""
[1.543s] -- Installing: /home/tkn-yangfukang/HiveMind-Dev/Third-Party-Implementation-Unitree-SDK/go2/unitree-go2-slam-toolbox/install/go2_navigation2/share/go2_navigation2/launch
[1.544s] -- Installing: /home/tkn-yangfukang/HiveMind-Dev/Third-Party-Implementation-Unitree-SDK/go2/unitree-go2-slam-toolbox/install/go2_navigation2/share/go2_navigation2/launch/go2_nav2.launch_ori.py
[1.544s] -- Installing: /home/tkn-yangfukang/HiveMind-Dev/Third-Party-Implementation-Unitree-SDK/go2/unitree-go2-slam-toolbox/install/go2_navigation2/share/go2_navigation2/launch/go2_nav2.launch.py
[1.544s] -- Installing: /home/tkn-yangfukang/HiveMind-Dev/Third-Party-Implementation-Unitree-SDK/go2/unitree-go2-slam-toolbox/install/go2_navigation2/share/go2_navigation2/config
[1.544s] -- Installing: /home/tkn-yangfukang/HiveMind-Dev/Third-Party-Implementation-Unitree-SDK/go2/unitree-go2-slam-toolbox/install/go2_navigation2/share/go2_navigation2/config/nav2_params.yaml
[1.544s] -- Installing: /home/tkn-yangfukang/HiveMind-Dev/Third-Party-Implementation-Unitree-SDK/go2/unitree-go2-slam-toolbox/install/go2_navigation2/share/ament_index/resource_index/package_run_dependencies/go2_navigation2
[1.544s] -- Installing: /home/tkn-yangfukang/HiveMind-Dev/Third-Party-Implementation-Unitree-SDK/go2/unitree-go2-slam-toolbox/install/go2_navigation2/share/ament_index/resource_index/parent_prefix_path/go2_navigation2
[1.544s] -- Installing: /home/tkn-yangfukang/HiveMind-Dev/Third-Party-Implementation-Unitree-SDK/go2/unitree-go2-slam-toolbox/install/go2_navigation2/share/go2_navigation2/environment/ament_prefix_path.sh
[1.544s] -- Installing: /home/tkn-yangfukang/HiveMind-Dev/Third-Party-Implementation-Unitree-SDK/go2/unitree-go2-slam-toolbox/install/go2_navigation2/share/go2_navigation2/environment/ament_prefix_path.dsv
[1.544s] -- Installing: /home/tkn-yangfukang/HiveMind-Dev/Third-Party-Implementation-Unitree-SDK/go2/unitree-go2-slam-toolbox/install/go2_navigation2/share/go2_navigation2/environment/path.sh
[1.544s] -- Installing: /home/tkn-yangfukang/HiveMind-Dev/Third-Party-Implementation-Unitree-SDK/go2/unitree-go2-slam-toolbox/install/go2_navigation2/share/go2_navigation2/environment/path.dsv
[1.544s] -- Installing: /home/tkn-yangfukang/HiveMind-Dev/Third-Party-Implementation-Unitree-SDK/go2/unitree-go2-slam-toolbox/install/go2_navigation2/share/go2_navigation2/local_setup.bash
[1.544s] -- Installing: /home/tkn-yangfukang/HiveMind-Dev/Third-Party-Implementation-Unitree-SDK/go2/unitree-go2-slam-toolbox/install/go2_navigation2/share/go2_navigation2/local_setup.sh
[1.544s] -- Installing: /home/tkn-yangfukang/HiveMind-Dev/Third-Party-Implementation-Unitree-SDK/go2/unitree-go2-slam-toolbox/install/go2_navigation2/share/go2_navigation2/local_setup.zsh
[1.544s] -- Installing: /home/tkn-yangfukang/HiveMind-Dev/Third-Party-Implementation-Unitree-SDK/go2/unitree-go2-slam-toolbox/install/go2_navigation2/share/go2_navigation2/local_setup.dsv
[1.544s] -- Installing: /home/tkn-yangfukang/HiveMind-Dev/Third-Party-Implementation-Unitree-SDK/go2/unitree-go2-slam-toolbox/install/go2_navigation2/share/go2_navigation2/package.dsv
[1.544s] -- Installing: /home/tkn-yangfukang/HiveMind-Dev/Third-Party-Implementation-Unitree-SDK/go2/unitree-go2-slam-toolbox/install/go2_navigation2/share/ament_index/resource_index/packages/go2_navigation2
[1.544s] -- Installing: /home/tkn-yangfukang/HiveMind-Dev/Third-Party-Implementation-Unitree-SDK/go2/unitree-go2-slam-toolbox/install/go2_navigation2/share/go2_navigation2/cmake/go2_navigation2Config.cmake
[1.544s] -- Installing: /home/tkn-yangfukang/HiveMind-Dev/Third-Party-Implementation-Unitree-SDK/go2/unitree-go2-slam-toolbox/install/go2_navigation2/share/go2_navigation2/cmake/go2_navigation2Config-version.cmake
[1.544s] -- Installing: /home/tkn-yangfukang/HiveMind-Dev/Third-Party-Implementation-Unitree-SDK/go2/unitree-go2-slam-toolbox/install/go2_navigation2/share/go2_navigation2/package.xml
[1.546s] Invoked command in '/home/tkn-yangfukang/HiveMind-Dev/Third-Party-Implementation-Unitree-SDK/go2/unitree-go2-slam-toolbox/build/go2_navigation2' returned '0': CMAKE_PREFIX_PATH=${CMAKE_PREFIX_PATH}:/home/tkn-yangfukang/ws_moveit2/install/moveit_configs_utils:/home/tkn-yangfukang/ws_moveit2/install/launch_param_builder:/home/tkn-yangfukang/dobot_ws/install/servo_action:/home/tkn-yangfukang/dobot_ws/install/dobot_moveit:/home/tkn-yangfukang/dobot_ws/install/dobot_demo:/opt/ros/humble /usr/bin/cmake --install /home/tkn-yangfukang/HiveMind-Dev/Third-Party-Implementation-Unitree-SDK/go2/unitree-go2-slam-toolbox/build/go2_navigation2
